<?xml version="1.0" encoding="UTF-8"?>
<!-- Generated by org.testng.reporters.JUnitReportReporter -->
<testsuite hostname="DESKTOP-7I0VUKO" failures="0" tests="1" name="testcases.SignUpUsingGoogleTest" time="52.580" errors="0" timestamp="2023-05-21T23:38:29 BDT" skipped="0">
  <testcase classname="testcases.SignUpUsingGoogleTest" name="signUpWithGoogle" time="52.580"/>
  <system-out/>
</testsuite> <!-- testcases.SignUpUsingGoogleTest -->
