<?xml version="1.0" encoding="UTF-8"?>
<!-- Generated by org.testng.reporters.JUnitReportReporter -->
<testsuite hostname="DESKTOP-7I0VUKO" failures="0" tests="1" name="testcases.SelectProductTest" time="83.929" errors="0" timestamp="2023-05-21T23:38:29 BDT" skipped="0">
  <testcase classname="testcases.SelectProductTest" name="selectProdctTest" time="83.929"/>
  <system-out/>
</testsuite> <!-- testcases.SelectProductTest -->
