<?xml version="1.0" encoding="UTF-8"?>
<!-- Generated by org.testng.reporters.JUnitReportReporter -->
<testsuite hostname="DESKTOP-7I0VUKO" failures="0" tests="1" name="testcases.CartTest" time="11.167" errors="0" timestamp="2023-05-21T18:09:45 BDT" skipped="0">
  <testcase classname="testcases.CartTest" name="cartTest" time="11.167"/>
  <system-out/>
</testsuite> <!-- testcases.CartTest -->
