<?xml version="1.0" encoding="UTF-8"?>
<!-- Generated by org.testng.reporters.JUnitReportReporter -->
<testsuite hostname="DESKTOP-7I0VUKO" failures="0" tests="1" name="testcases.RokomariHomePageTest" time="30.255" errors="0" timestamp="2023-05-21T23:38:29 BDT" skipped="0">
  <testcase classname="testcases.RokomariHomePageTest" name="homePageTitle" time="30.255"/>
  <system-out/>
</testsuite> <!-- testcases.RokomariHomePageTest -->
